<?xml version="1.0" encoding="UTF-8"?>
<!-- Generated by org.testng.reporters.JUnitReportReporter -->
<<<<<<< HEAD
<testsuite hostname="DESKTOP-T8JE89P" failures="0" tests="1" name="com.api.tests.CreateJobApiRequest" time="6.891" errors="1" timestamp="2023-11-28T01:00:51 IST" skipped="0">
  <testcase classname="com.api.tests.CreateJobApiRequest" name="Test_api_create_joB" time="6.891">
    <error message="class io.restassured.internal.ValidatableResponseImpl cannot be cast to class io.restassured.response.ResponseBodyExtractionOptions (io.restassured.internal.ValidatableResponseImpl and io.restassured.response.ResponseBodyExtractionOptions are in unnamed module of loader &#039;app&#039;)" type="java.lang.ClassCastException">
      <![CDATA[java.lang.ClassCastException: class io.restassured.internal.ValidatableResponseImpl cannot be cast to class io.restassured.response.ResponseBodyExtractionOptions (io.restassured.internal.ValidatableResponseImpl and io.restassured.response.ResponseBodyExtractionOptions are in unnamed module of loader 'app')
at com.api.tests.CreateJobApiRequest.Test_api_create_joB(CreateJobApiRequest.java:55)
at java.base/jdk.internal.reflect.NativeMethodAccessorImpl.invoke0(Native Method)
at java.base/jdk.internal.reflect.NativeMethodAccessorImpl.invoke(NativeMethodAccessorImpl.java:77)
at java.base/jdk.internal.reflect.DelegatingMethodAccessorImpl.invoke(DelegatingMethodAccessorImpl.java:43)
at java.base/java.lang.reflect.Method.invoke(Method.java:568)
at org.testng.internal.invokers.MethodInvocationHelper.invokeMethod(MethodInvocationHelper.java:139)
at org.testng.internal.invokers.TestInvoker.invokeMethod(TestInvoker.java:677)
at org.testng.internal.invokers.TestInvoker.invokeTestMethod(TestInvoker.java:221)
at org.testng.internal.invokers.MethodRunner.runInSequence(MethodRunner.java:50)
at org.testng.internal.invokers.TestInvoker$MethodInvocationAgent.invoke(TestInvoker.java:969)
at org.testng.internal.invokers.TestInvoker.invokeTestMethods(TestInvoker.java:194)
at org.testng.internal.invokers.TestMethodWorker.invokeTestMethods(TestMethodWorker.java:148)
at org.testng.internal.invokers.TestMethodWorker.run(TestMethodWorker.java:128)
at java.base/java.util.ArrayList.forEach(ArrayList.java:1511)
at org.testng.TestRunner.privateRun(TestRunner.java:829)
at org.testng.TestRunner.run(TestRunner.java:602)
at org.testng.SuiteRunner.runTest(SuiteRunner.java:437)
at org.testng.SuiteRunner.runSequentially(SuiteRunner.java:431)
at org.testng.SuiteRunner.privateRun(SuiteRunner.java:391)
at org.testng.SuiteRunner.run(SuiteRunner.java:330)
at org.testng.SuiteRunnerWorker.runSuite(SuiteRunnerWorker.java:52)
at org.testng.SuiteRunnerWorker.run(SuiteRunnerWorker.java:95)
at org.testng.TestNG.runSuitesSequentially(TestNG.java:1256)
at org.testng.TestNG.runSuitesLocally(TestNG.java:1176)
at org.testng.TestNG.runSuites(TestNG.java:1099)
at org.testng.TestNG.run(TestNG.java:1067)
at org.testng.remote.AbstractRemoteTestNG.run(AbstractRemoteTestNG.java:115)
at org.testng.remote.RemoteTestNG.initAndRun(RemoteTestNG.java:251)
at org.testng.remote.RemoteTestNG.main(RemoteTestNG.java:77)
]]>
    </error>
  </testcase> <!-- Test_api_create_joB -->
=======
<testsuite hostname="DESKTOP-T8JE89P" failures="0" tests="1" name="com.api.tests.CreateJobApiRequest" time="6.490" errors="0" timestamp="2023-11-29T01:49:20 IST" skipped="0">
  <testcase classname="com.api.tests.CreateJobApiRequest" name="Test_api_create_joB" time="6.490"/>
>>>>>>> main
  <system-out/>
</testsuite> <!-- com.api.tests.CreateJobApiRequest -->
